<?xml version="1.0" encoding="UTF-8" standalone="no"?><testsuite errors="0" failures="0" name="Validacion de la pagina de ubicaciones de Bolsas y Empaques Colombia" skipped="7" tests="7" time="1.86" timestamp="2025-05-25 06:37:18"><testcase name="Verificar que la pagina de ubicaciones carga correctamente"><skipped/></testcase><testcase name="Validar informacion de contacto y ubicaciones disponibles"><skipped/></testcase><testcase name="Interactuar con el mapa integrado y verificar funcionalidades avanzadas"><skipped/></testcase><testcase name="Validar diferentes elementos de la pagina en diferentes resoluciones"><skipped/></testcase><testcase name="Verificar tiempos de carga y rendimiento de la pagina"><skipped/></testcase></testsuite>