<?xml version="1.0" encoding="UTF-8" standalone="no"?><testsuite errors="0" failures="0" name="Búsqueda de Bolsas en Bolsas y Empaques Colombia" skipped="0" tests="8" time="77.54" timestamp="2025-06-02 07:02:01"><testcase name="Búsqueda simple de bolsas"/><testcase name="Búsqueda compleja con validaciones avanzadas"/><testcase name="Búsqueda con campo vacío"/><testcase name="Búsquedas con diferentes términos relacionados"/><testcase name="Añadir un producto al carrito desde los resultados de búsqueda"/></testsuite>